#
# There is insufficient memory for the Java Runtime Environment to continue.
# Native memory allocation (malloc) failed to allocate 810896 bytes for Chunk::new
# Possible reasons:
#   The system is out of physical RAM or swap space
#   The process is running with CompressedOops enabled, and the Java Heap may be blocking the growth of the native heap
# Possible solutions:
#   Reduce memory load on the system
#   Increase physical memory or swap space
#   Check if swap backing store is full
#   Decrease Java heap size (-Xmx/-Xms)
#   Decrease number of Java threads
#   Decrease Java thread stack sizes (-Xss)
#   Set larger code cache with -XX:ReservedCodeCacheSize=
#   JVM is running with Unscaled Compressed Oops mode in which the Java heap is
#     placed in the first 4GB address space. The Java Heap base address is the
#     maximum limit for the native heap growth. Please use -XX:HeapBaseMinAddress
#     to set the Java Heap base and to place the Java Heap above 4GB virtual address.
# This output file may be truncated or incomplete.
#
#  Out of Memory Error (allocation.cpp:389), pid=24188, tid=0x0000000000000d54
#
# JRE version: Java(TM) SE Runtime Environment (8.0_241-b07) (build 1.8.0_241-b07)
# Java VM: Java HotSpot(TM) 64-Bit Server VM (25.241-b07 mixed mode windows-amd64 compressed oops)
# Failed to write core dump. Minidumps are not enabled by default on client versions of Windows
#

---------------  T H R E A D  ---------------

Current thread (0x000000001aae9800):  JavaThread "C2 CompilerThread2" daemon [_thread_in_native, id=3412, stack(0x000000001bc30000,0x000000001bd30000)]

Stack: [0x000000001bc30000,0x000000001bd30000]
[error occurred during error reporting (printing stack bounds), id 0xc0000005]

Native frames: (J=compiled Java code, j=interpreted, Vv=VM code, C=native code)


Current CompileTask:
C2:   1985 1424 %     4       org.jacoco.agent.rt.internal_28bab1d.asm.SymbolTable::<init> @ 95 (773 bytes)


---------------  P R O C E S S  ---------------

Java Threads: ( => current thread )
  0x000000001b3ee000 JavaThread "surefire-forkedjvm-ping-30s" daemon [_thread_blocked, id=23364, stack(0x000000001c130000,0x000000001c230000)]
  0x000000001afd0800 JavaThread "surefire-forkedjvm-command-thread" daemon [_thread_in_native, id=20584, stack(0x000000001c030000,0x000000001c130000)]
  0x000000001a71e000 JavaThread "Service Thread" daemon [_thread_blocked, id=9584, stack(0x000000001be30000,0x000000001bf30000)]
  0x000000001aaea800 JavaThread "C1 CompilerThread3" daemon [_thread_blocked, id=21212, stack(0x000000001bd30000,0x000000001be30000)]
=>0x000000001aae9800 JavaThread "C2 CompilerThread2" daemon [_thread_in_native, id=3412, stack(0x000000001bc30000,0x000000001bd30000)]
  0x000000001aae7000 JavaThread "C2 CompilerThread1" daemon [_thread_in_native, id=8180, stack(0x000000001bb30000,0x000000001bc30000)]
  0x000000001a6e3800 JavaThread "C2 CompilerThread0" daemon [_thread_in_native, id=21612, stack(0x000000001ba30000,0x000000001bb30000)]
  0x0000000019653800 JavaThread "Attach Listener" daemon [_thread_blocked, id=4412, stack(0x0000000019e20000,0x0000000019f20000)]
  0x000000001783e800 JavaThread "Signal Dispatcher" daemon [_thread_blocked, id=20752, stack(0x0000000019d20000,0x0000000019e20000)]
  0x000000000299a000 JavaThread "Finalizer" daemon [_thread_blocked, id=8356, stack(0x0000000019b20000,0x0000000019c20000)]
  0x0000000019640800 JavaThread "Reference Handler" daemon [_thread_blocked, id=16296, stack(0x0000000019a20000,0x0000000019b20000)]
  0x00000000028a2800 JavaThread "main" [_thread_in_native, id=6572, stack(0x00000000025b0000,0x00000000026b0000)]

Other Threads:
  0x000000001782a800 VMThread [stack: 0x0000000019520000,0x0000000019620000] [id=10168]
  0x000000001a6f2000 WatcherThread [stack: 0x000000001bf30000,0x000000001c030000] [id=18676]

VM state:not at safepoint (normal execution)

VM Mutex/Monitor currently owned by a thread: None

heap address: 0x0000000083400000, size: 1996 MB, Compressed Oops mode: 32-bit
Narrow klass base: 0x0000000000000000, Narrow klass shift: 3
Compressed class space size: 1073741824 Address: 0x0000000100000000

Heap:
 PSYoungGen      total 37888K, used 7734K [0x00000000d6700000, 0x00000000db100000, 0x0000000100000000)
  eden space 32768K, 11% used [0x00000000d6700000,0x00000000d6ac1da8,0x00000000d8700000)
  from space 5120K, 75% used [0x00000000d8c00000,0x00000000d8fcbda0,0x00000000d9100000)
  to   space 5120K, 0% used [0x00000000d8700000,0x00000000d8700000,0x00000000d8c00000)
 ParOldGen       total 86016K, used 32K [0x0000000083400000, 0x0000000088800000, 0x00000000d6700000)
  object space 86016K, 0% used [0x0000000083400000,0x0000000083408000,0x0000000088800000)
 Metaspace       used 11519K, capacity 11960K, committed 12288K, reserved 1060864K
  class space    used 1325K, capacity 1454K, committed 1536K, reserved 1048576K

Card table byte_map: [0x0000000011d60000,0x0000000012150000] byte_map_base: 0x0000000011946000

Marking Bits: (ParMarkBitMap*) 0x000000005db9be30
 Begin Bits: [0x0000000012bf0000, 0x0000000014b20000)
 End Bits:   [0x0000000014b20000, 0x0000000016a50000)

Polling page: 0x0000000000870000

CodeCache: size=245760Kb used=5725Kb max_used=5725Kb free=240034Kb
 bounds [0x00000000029a0000, 0x0000000002f40000, 0x00000000119a0000]
 total_blobs=1845 nmethods=1469 adapters=288
 compilation: enabled

Compilation events (10 events):
Event: 1.951 Thread 0x000000001aaea800 1475       3       java.lang.ClassLoader::defineClass (43 bytes)
Event: 1.952 Thread 0x000000001aaea800 nmethod 1475 0x0000000002f32510 code [0x0000000002f32700, 0x0000000002f332c8]
Event: 1.953 Thread 0x000000001aaea800 1476       3       sun.net.www.ParseUtil::canonizeString (195 bytes)
Event: 1.956 Thread 0x000000001aaea800 nmethod 1476 0x0000000002f337d0 code [0x0000000002f33b80, 0x0000000002f35fe8]
Event: 1.956 Thread 0x000000001aaea800 1477       3       java.net.URLStreamHandler::setURL (159 bytes)
Event: 1.957 Thread 0x000000001aaea800 nmethod 1477 0x0000000002f36fd0 code [0x0000000002f37240, 0x0000000002f385c8]
Event: 1.958 Thread 0x000000001aaea800 1478       3       java.lang.invoke.MemberName::getType (19 bytes)
Event: 1.958 Thread 0x000000001aaea800 nmethod 1478 0x0000000002f38e50 code [0x0000000002f38fe0, 0x0000000002f39538]
Event: 1.967 Thread 0x000000001aaea800 1481       3       sun.nio.cs.SingleByte$Encoder::encode (32 bytes)
Event: 1.967 Thread 0x000000001aaea800 nmethod 1481 0x0000000002f39690 code [0x0000000002f39800, 0x0000000002f39a10]

GC Heap History (8 events):
Event: 0.573 GC heap before
{Heap before GC invocations=1 (full 0):
 PSYoungGen      total 37888K, used 32768K [0x00000000d6700000, 0x00000000d9100000, 0x0000000100000000)
  eden space 32768K, 100% used [0x00000000d6700000,0x00000000d8700000,0x00000000d8700000)
  from space 5120K, 0% used [0x00000000d8c00000,0x00000000d8c00000,0x00000000d9100000)
  to   space 5120K, 0% used [0x00000000d8700000,0x00000000d8700000,0x00000000d8c00000)
 ParOldGen       total 86016K, used 0K [0x0000000083400000, 0x0000000088800000, 0x00000000d6700000)
  object space 86016K, 0% used [0x0000000083400000,0x0000000083400000,0x0000000088800000)
 Metaspace       used 4003K, capacity 5080K, committed 5376K, reserved 1056768K
  class space    used 446K, capacity 456K, committed 512K, reserved 1048576K
Event: 0.575 GC heap after
Heap after GC invocations=1 (full 0):
 PSYoungGen      total 37888K, used 2648K [0x00000000d6700000, 0x00000000d9100000, 0x0000000100000000)
  eden space 32768K, 0% used [0x00000000d6700000,0x00000000d6700000,0x00000000d8700000)
  from space 5120K, 51% used [0x00000000d8700000,0x00000000d8996250,0x00000000d8c00000)
  to   space 5120K, 0% used [0x00000000d8c00000,0x00000000d8c00000,0x00000000d9100000)
 ParOldGen       total 86016K, used 8K [0x0000000083400000, 0x0000000088800000, 0x00000000d6700000)
  object space 86016K, 0% used [0x0000000083400000,0x0000000083402000,0x0000000088800000)
 Metaspace       used 4003K, capacity 5080K, committed 5376K, reserved 1056768K
  class space    used 446K, capacity 456K, committed 512K, reserved 1048576K
}
Event: 1.122 GC heap before
{Heap before GC invocations=2 (full 0):
 PSYoungGen      total 37888K, used 35416K [0x00000000d6700000, 0x00000000d9100000, 0x0000000100000000)
  eden space 32768K, 100% used [0x00000000d6700000,0x00000000d8700000,0x00000000d8700000)
  from space 5120K, 51% used [0x00000000d8700000,0x00000000d8996250,0x00000000d8c00000)
  to   space 5120K, 0% used [0x00000000d8c00000,0x00000000d8c00000,0x00000000d9100000)
 ParOldGen       total 86016K, used 8K [0x0000000083400000, 0x0000000088800000, 0x00000000d6700000)
  object space 86016K, 0% used [0x0000000083400000,0x0000000083402000,0x0000000088800000)
 Metaspace       used 8278K, capacity 8512K, committed 8704K, reserved 1056768K
  class space    used 910K, capacity 982K, committed 1024K, reserved 1048576K
Event: 1.129 GC heap after
Heap after GC invocations=2 (full 0):
 PSYoungGen      total 37888K, used 3090K [0x00000000d6700000, 0x00000000d9100000, 0x0000000100000000)
  eden space 32768K, 0% used [0x00000000d6700000,0x00000000d6700000,0x00000000d8700000)
  from space 5120K, 60% used [0x00000000d8c00000,0x00000000d8f04b78,0x00000000d9100000)
  to   space 5120K, 0% used [0x00000000d8700000,0x00000000d8700000,0x00000000d8c00000)
 ParOldGen       total 86016K, used 16K [0x0000000083400000, 0x0000000088800000, 0x00000000d6700000)
  object space 86016K, 0% used [0x0000000083400000,0x0000000083404000,0x0000000088800000)
 Metaspace       used 8278K, capacity 8512K, committed 8704K, reserved 1056768K
  class space    used 910K, capacity 982K, committed 1024K, reserved 1048576K
}
Event: 1.532 GC heap before
{Heap before GC invocations=3 (full 0):
 PSYoungGen      total 37888K, used 35858K [0x00000000d6700000, 0x00000000d9100000, 0x0000000100000000)
  eden space 32768K, 100% used [0x00000000d6700000,0x00000000d8700000,0x00000000d8700000)
  from space 5120K, 60% used [0x00000000d8c00000,0x00000000d8f04b78,0x00000000d9100000)
  to   space 5120K, 0% used [0x00000000d8700000,0x00000000d8700000,0x00000000d8c00000)
 ParOldGen       total 86016K, used 16K [0x0000000083400000, 0x0000000088800000, 0x00000000d6700000)
  object space 86016K, 0% used [0x0000000083400000,0x0000000083404000,0x0000000088800000)
 Metaspace       used 9950K, capacity 10286K, committed 10496K, reserved 1058816K
  class space    used 1134K, capacity 1219K, committed 1280K, reserved 1048576K
Event: 1.537 GC heap after
Heap after GC invocations=3 (full 0):
 PSYoungGen      total 37888K, used 3526K [0x00000000d6700000, 0x00000000d9100000, 0x0000000100000000)
  eden space 32768K, 0% used [0x00000000d6700000,0x00000000d6700000,0x00000000d8700000)
  from space 5120K, 68% used [0x00000000d8700000,0x00000000d8a71b88,0x00000000d8c00000)
  to   space 5120K, 0% used [0x00000000d8c00000,0x00000000d8c00000,0x00000000d9100000)
 ParOldGen       total 86016K, used 24K [0x0000000083400000, 0x0000000088800000, 0x00000000d6700000)
  object space 86016K, 0% used [0x0000000083400000,0x0000000083406000,0x0000000088800000)
 Metaspace       used 9950K, capacity 10286K, committed 10496K, reserved 1058816K
  class space    used 1134K, capacity 1219K, committed 1280K, reserved 1048576K
}
Event: 1.927 GC heap before
{Heap before GC invocations=4 (full 0):
 PSYoungGen      total 37888K, used 36294K [0x00000000d6700000, 0x00000000d9100000, 0x0000000100000000)
  eden space 32768K, 100% used [0x00000000d6700000,0x00000000d8700000,0x00000000d8700000)
  from space 5120K, 68% used [0x00000000d8700000,0x00000000d8a71b88,0x00000000d8c00000)
  to   space 5120K, 0% used [0x00000000d8c00000,0x00000000d8c00000,0x00000000d9100000)
 ParOldGen       total 86016K, used 24K [0x0000000083400000, 0x0000000088800000, 0x00000000d6700000)
  object space 86016K, 0% used [0x0000000083400000,0x0000000083406000,0x0000000088800000)
 Metaspace       used 11359K, capacity 11756K, committed 12032K, reserved 1060864K
  class space    used 1306K, capacity 1452K, committed 1536K, reserved 1048576K
Event: 1.935 GC heap after
Heap after GC invocations=4 (full 0):
 PSYoungGen      total 37888K, used 3887K [0x00000000d6700000, 0x00000000db100000, 0x0000000100000000)
  eden space 32768K, 0% used [0x00000000d6700000,0x00000000d6700000,0x00000000d8700000)
  from space 5120K, 75% used [0x00000000d8c00000,0x00000000d8fcbda0,0x00000000d9100000)
  to   space 5120K, 0% used [0x00000000d8700000,0x00000000d8700000,0x00000000d8c00000)
 ParOldGen       total 86016K, used 32K [0x0000000083400000, 0x0000000088800000, 0x00000000d6700000)
  object space 86016K, 0% used [0x0000000083400000,0x0000000083408000,0x0000000088800000)
 Metaspace       used 11359K, capacity 11756K, committed 12032K, reserved 1060864K
  class space    used 1306K, capacity 1452K, committed 1536K, reserved 1048576K
}

Deoptimization events (10 events):
Event: 0.699 Thread 0x00000000028a2800 Uncommon trap: reason=bimorphic action=maybe_recompile pc=0x0000000002c47464 method=org.jacoco.agent.rt.internal_28bab1d.asm.tree.LabelNode.accept(Lorg/jacoco/agent/rt/internal_28bab1d/asm/MethodVisitor;)V @ 5
Event: 0.699 Thread 0x00000000028a2800 Uncommon trap: reason=bimorphic action=maybe_recompile pc=0x0000000002c47464 method=org.jacoco.agent.rt.internal_28bab1d.asm.tree.LabelNode.accept(Lorg/jacoco/agent/rt/internal_28bab1d/asm/MethodVisitor;)V @ 5
Event: 0.764 Thread 0x00000000028a2800 Uncommon trap: reason=unstable_if action=reinterpret pc=0x0000000002bb5cd0 method=org.jacoco.agent.rt.internal_28bab1d.asm.MethodVisitor.visitLineNumber(ILorg/jacoco/agent/rt/internal_28bab1d/asm/Label;)V @ 4
Event: 0.765 Thread 0x00000000028a2800 Uncommon trap: reason=unstable_if action=reinterpret pc=0x0000000002c750d4 method=org.jacoco.agent.rt.internal_28bab1d.asm.MethodVisitor.visitMethodInsn(ILjava/lang/String;Ljava/lang/String;Ljava/lang/String;Z)V @ 50
Event: 0.798 Thread 0x00000000028a2800 Uncommon trap: reason=unstable_if action=reinterpret pc=0x0000000002c7d96c method=org.jacoco.agent.rt.internal_28bab1d.asm.MethodVisitor.visitLocalVariable(Ljava/lang/String;Ljava/lang/String;Ljava/lang/String;Lorg/jacoco/agent/rt/internal_28bab1d/asm/Lab
Event: 0.798 Thread 0x00000000028a2800 Uncommon trap: reason=unstable_if action=reinterpret pc=0x0000000002c26f50 method=org.jacoco.agent.rt.internal_28bab1d.asm.MethodVisitor.visitVarInsn(II)V @ 4
Event: 1.030 Thread 0x00000000028a2800 Uncommon trap: reason=unstable_if action=reinterpret pc=0x0000000002cd66d4 method=java.io.WinNTFileSystem.normalize(Ljava/lang/String;II)Ljava/lang/String; @ 90
Event: 1.347 Thread 0x00000000028a2800 Uncommon trap: reason=unstable_if action=reinterpret pc=0x0000000002d8d1c4 method=sun.misc.MetaIndex.mayContain(Ljava/lang/String;)Z @ 13
Event: 1.417 Thread 0x00000000028a2800 Uncommon trap: reason=unstable_if action=reinterpret pc=0x0000000002c52d6c method=org.jacoco.agent.rt.internal_28bab1d.asm.ByteVector.putUTF8(Ljava/lang/String;)Lorg/jacoco/agent/rt/internal_28bab1d/asm/ByteVector; @ 36
Event: 1.646 Thread 0x00000000028a2800 Uncommon trap: reason=unstable_if action=reinterpret pc=0x0000000002e177d0 method=org.jacoco.agent.rt.internal_28bab1d.asm.ByteVector.put122(III)Lorg/jacoco/agent/rt/internal_28bab1d/asm/ByteVector; @ 15

Classes redefined (0 events):
No events

Internal exceptions (10 events):
Event: 1.692 Thread 0x00000000028a2800 Exception <a 'java/lang/NullPointerException'> (0x00000000d73398a8) thrown at [C:\ade\jenkins\workspace\8-2-build-windows-amd64-cygwin\jdk8u241\331\hotspot\src\share\vm\runtime\sharedRuntime.cpp, line 605]
Event: 1.694 Thread 0x00000000028a2800 Implicit null exception at 0x0000000002cc9980 to 0x0000000002cca1a6
Event: 1.694 Thread 0x00000000028a2800 Exception <a 'java/lang/NullPointerException'> (0x00000000d7353090) thrown at [C:\ade\jenkins\workspace\8-2-build-windows-amd64-cygwin\jdk8u241\331\hotspot\src\share\vm\runtime\sharedRuntime.cpp, line 605]
Event: 1.720 Thread 0x00000000028a2800 Implicit null exception at 0x0000000002cc9980 to 0x0000000002cca1a6
Event: 1.720 Thread 0x00000000028a2800 Exception <a 'java/lang/NullPointerException'> (0x00000000d76d9f20) thrown at [C:\ade\jenkins\workspace\8-2-build-windows-amd64-cygwin\jdk8u241\331\hotspot\src\share\vm\runtime\sharedRuntime.cpp, line 605]
Event: 1.950 Thread 0x00000000028a2800 Exception <a 'java/lang/NoSuchMethodError': org.slf4j.impl.StaticMDCBinder.getSingleton()Lorg/slf4j/impl/StaticMDCBinder;> (0x00000000d6804f30) thrown at [C:\ade\jenkins\workspace\8-2-build-windows-amd64-cygwin\jdk8u241\331\hotspot\src\share\vm\interprete
Event: 1.958 Thread 0x00000000028a2800 Implicit null exception at 0x0000000002cc9980 to 0x0000000002cca1a6
Event: 1.958 Thread 0x00000000028a2800 Exception <a 'java/lang/NullPointerException'> (0x00000000d68896c0) thrown at [C:\ade\jenkins\workspace\8-2-build-windows-amd64-cygwin\jdk8u241\331\hotspot\src\share\vm\runtime\sharedRuntime.cpp, line 605]
Event: 1.960 Thread 0x00000000028a2800 Implicit null exception at 0x0000000002cc9980 to 0x0000000002cca1a6
Event: 1.960 Thread 0x00000000028a2800 Exception <a 'java/lang/NullPointerException'> (0x00000000d68bd5f0) thrown at [C:\ade\jenkins\workspace\8-2-build-windows-amd64-cygwin\jdk8u241\331\hotspot\src\share\vm\runtime\sharedRuntime.cpp, line 605]

Events (10 events):
Event: 1.973 loading class org/springframework/beans/BeansException
Event: 1.973 loading class org/springframework/beans/BeansException done
Event: 1.973 loading class org/springframework/core/NestedRuntimeException
Event: 1.973 loading class org/springframework/core/NestedRuntimeException done
Event: 1.976 loading class java/util/AbstractMap$1
Event: 1.976 loading class java/util/AbstractMap$1 done
Event: 1.977 loading class org/springframework/test/context/cache/ContextCache
Event: 1.977 loading class org/springframework/test/context/cache/ContextCache done
Event: 1.979 loading class org/springframework/core/KotlinDetector
Event: 1.979 loading class org/springframework/core/KotlinDetector done


Dynamic libraries:
0x00007ff757dc0000 - 0x00007ff757df7000 	C:\Program Files\Java\jdk1.8.0_241\jre\bin\java.exe
0x00007fff6f3a0000 - 0x00007fff6f590000 	C:\windows\SYSTEM32\ntdll.dll
0x00007fff6ecc0000 - 0x00007fff6ed72000 	C:\windows\System32\KERNEL32.DLL
0x00007fff6cea0000 - 0x00007fff6d143000 	C:\windows\System32\KERNELBASE.dll
0x00007fff6a080000 - 0x00007fff6a10f000 	C:\windows\SYSTEM32\apphelp.dll
0x00007fff6d6a0000 - 0x00007fff6d743000 	C:\windows\System32\ADVAPI32.dll
0x00007fff6f240000 - 0x00007fff6f2de000 	C:\windows\System32\msvcrt.dll
0x00007fff6eb50000 - 0x00007fff6ebe7000 	C:\windows\System32\sechost.dll
0x00007fff6d750000 - 0x00007fff6d870000 	C:\windows\System32\RPCRT4.dll
0x00007fff6ed80000 - 0x00007fff6ef14000 	C:\windows\System32\USER32.dll
0x00007fff6d1d0000 - 0x00007fff6d1f1000 	C:\windows\System32\win32u.dll
0x00007fff6d5a0000 - 0x00007fff6d5c6000 	C:\windows\System32\GDI32.dll
0x00007fff6c530000 - 0x00007fff6c6c4000 	C:\windows\System32\gdi32full.dll
0x00007fff6c490000 - 0x00007fff6c52e000 	C:\windows\System32\msvcp_win.dll
0x00007fff6c390000 - 0x00007fff6c48a000 	C:\windows\System32\ucrtbase.dll
0x00007fff49710000 - 0x00007fff49995000 	C:\windows\WinSxS\amd64_microsoft.windows.common-controls_6595b64144ccf1df_6.0.18362.778_none_e6c6b761130d4fb8\COMCTL32.dll
0x00007fff6d870000 - 0x00007fff6dba6000 	C:\windows\System32\combase.dll
0x00007fff6d150000 - 0x00007fff6d1d0000 	C:\windows\System32\bcryptPrimitives.dll
0x00007fff6dcf0000 - 0x00007fff6dd1e000 	C:\windows\System32\IMM32.DLL
0x000000005e180000 - 0x000000005e252000 	C:\Program Files\Java\jdk1.8.0_241\jre\bin\msvcr100.dll
0x000000005d370000 - 0x000000005dc1c000 	C:\Program Files\Java\jdk1.8.0_241\jre\bin\server\jvm.dll
0x00007fff6e3e0000 - 0x00007fff6e3e8000 	C:\windows\System32\PSAPI.DLL
0x00007fff652a0000 - 0x00007fff652aa000 	C:\windows\SYSTEM32\VERSION.dll
0x00007fff69db0000 - 0x00007fff69dd4000 	C:\windows\SYSTEM32\WINMM.dll
0x00007fff66eb0000 - 0x00007fff66eb9000 	C:\windows\SYSTEM32\WSOCK32.dll
0x00007fff6f2e0000 - 0x00007fff6f34f000 	C:\windows\System32\WS2_32.dll
0x00007fff69930000 - 0x00007fff6995d000 	C:\windows\SYSTEM32\WINMMBASE.dll
0x00007fff6c6d0000 - 0x00007fff6c71a000 	C:\windows\System32\cfgmgr32.dll
0x00007fff68830000 - 0x00007fff6883f000 	C:\Program Files\Java\jdk1.8.0_241\jre\bin\verify.dll
0x00007fff55bf0000 - 0x00007fff55c19000 	C:\Program Files\Java\jdk1.8.0_241\jre\bin\java.dll
0x00007fff55bc0000 - 0x00007fff55be3000 	C:\Program Files\Java\jdk1.8.0_241\jre\bin\instrument.dll
0x00007fff57ec0000 - 0x00007fff57ed6000 	C:\Program Files\Java\jdk1.8.0_241\jre\bin\zip.dll
0x00007fff6e460000 - 0x00007fff6eb45000 	C:\windows\System32\SHELL32.dll
0x00007fff6ef20000 - 0x00007fff6efc9000 	C:\windows\System32\shcore.dll
0x00007fff6c720000 - 0x00007fff6cea0000 	C:\windows\System32\windows.storage.dll
0x00007fff6c2e0000 - 0x00007fff6c303000 	C:\windows\System32\profapi.dll
0x00007fff6c290000 - 0x00007fff6c2da000 	C:\windows\System32\powrprof.dll
0x00007fff6c260000 - 0x00007fff6c270000 	C:\windows\System32\UMPDC.dll
0x00007fff6f1e0000 - 0x00007fff6f232000 	C:\windows\System32\shlwapi.dll
0x00007fff6c270000 - 0x00007fff6c281000 	C:\windows\System32\kernel.appcore.dll
0x00007fff6d380000 - 0x00007fff6d397000 	C:\windows\System32\cryptsp.dll
0x00007fff55890000 - 0x00007fff558aa000 	C:\Program Files\Java\jdk1.8.0_241\jre\bin\net.dll
0x00007fff6ba70000 - 0x00007fff6bad7000 	C:\windows\system32\mswsock.dll
0x00007fff3b7b0000 - 0x00007fff3b7c6000 	C:\windows\system32\napinsp.dll
0x00007fff3b790000 - 0x00007fff3b7aa000 	C:\windows\system32\pnrpnsp.dll
0x00007fff6b7c0000 - 0x00007fff6b88a000 	C:\windows\SYSTEM32\DNSAPI.dll
0x00007fff6f350000 - 0x00007fff6f358000 	C:\windows\System32\NSI.dll
0x00007fff6b780000 - 0x00007fff6b7ba000 	C:\windows\SYSTEM32\IPHLPAPI.DLL
0x00007fff3c4f0000 - 0x00007fff3c4fe000 	C:\windows\System32\winrnr.dll
0x00007fff68470000 - 0x00007fff6848c000 	C:\windows\system32\NLAapi.dll
0x00007fff67370000 - 0x00007fff67385000 	C:\windows\system32\wshbth.dll
0x00007fff65290000 - 0x00007fff6529a000 	C:\Windows\System32\rasadhlp.dll
0x00007fff5e410000 - 0x00007fff5e487000 	C:\windows\System32\fwpuclnt.dll
0x00007fff6d350000 - 0x00007fff6d376000 	C:\windows\System32\bcrypt.dll
0x00007fff55740000 - 0x00007fff55752000 	C:\Program Files\Java\jdk1.8.0_241\jre\bin\nio.dll
0x00007fff55bb0000 - 0x00007fff55bbd000 	C:\Program Files\Java\jdk1.8.0_241\jre\bin\management.dll

VM Arguments:
jvm_args: -javaagent:C:\\Users\\varshi\\.m2\\repository\\org\\jacoco\\org.jacoco.agent\\0.8.2\\org.jacoco.agent-0.8.2-runtime.jar=destfile=C:\\Users\\varshi\\Downloads\\user-service (1)\\user-service\\target\\jacoco.exec 
java_command: C:\Users\varshi\AppData\Local\Temp\surefire306800928138995366\surefirebooter7197438611096427912.jar C:\Users\varshi\AppData\Local\Temp\surefire306800928138995366 2020-05-15T01-51-09_011-jvmRun1 surefire8290542669339973626tmp surefire_062880700048228296tmp
java_class_path (initial): C:\Users\varshi\AppData\Local\Temp\surefire306800928138995366\surefirebooter7197438611096427912.jar;C:\\Users\\varshi\\.m2\\repository\\org\\jacoco\\org.jacoco.agent\\0.8.2\\org.jacoco.agent-0.8.2-runtime.jar
Launcher Type: SUN_STANDARD

Environment Variables:
JAVA_HOME=C:\Program Files\Java\jdk1.8.0_241
PATH=C:\Program Files (x86)\Common Files\Oracle\Java\javapath;C:\windows\system32;C:\windows;C:\windows\System32\Wbem;C:\windows\System32\WindowsPowerShell\v1.0\;C:\windows\System32\OpenSSH\;C:\Program Files\Git\cmd;C:\Users\varshi\AppData\Local\Microsoft\WindowsApps;;C:\Program Files\JetBrains\IntelliJ IDEA Community Edition 2019.3.4\bin;C:\Program Files\Java\jdk1.8.0_241\bin;C:\Users\varshi\Downloads\apache-maven-3.6.3-bin\apache-maven-3.6.3\bin;;C:\Program Files\Docker Toolbox
USERNAME=varshi
OS=Windows_NT
PROCESSOR_IDENTIFIER=Intel64 Family 6 Model 142 Stepping 12, GenuineIntel



---------------  S Y S T E M  ---------------

OS: Windows 10.0 , 64 bit Build 18362 (10.0.18362.778)

CPU:total 8 (initial active 8) (4 cores per cpu, 2 threads per core) family 6 model 142 stepping 12, cmov, cx8, fxsr, mmx, sse, sse2, sse3, ssse3, sse4.1, sse4.2, popcnt, avx, avx2, aes, clmul, erms, 3dnowpref, lzcnt, ht, tsc, tscinvbit, bmi1, bmi2, adx

Memory: 4k page, physical 8170996k(638208k free), swap 16522568k(4108k free)

vm_info: Java HotSpot(TM) 64-Bit Server VM (25.241-b07) for windows-amd64 JRE (1.8.0_241-b07), built on Dec 11 2019 10:21:40 by "rejava" with MS VC++ 10.0 (VS2010)

time: Fri May 15 01:51:11 2020
timezone: India Standard Time
elapsed time: 1 seconds (0d 0h 0m 1s)

